# JRE version: OpenJDK Runtime Environment (11.0.10) (build 11.0.10+0-b96-7249189)
# Java VM: OpenJDK 64-Bit Server VM (11.0.10+0-b96-7249189, mixed mode, tiered, compressed oops, g1 gc, windows-amd64)
Heap:
 garbage-first heap   total 315392K, used 25020K [0x0000000701c00000, 0x0000000800000000)
  region size 1024K, 2 young (2048K), 2 survivors (2048K)
 Metaspace       used 35199K, capacity 35692K, committed 35840K, reserved 1081344K
  class space    used 4334K, capacity 4520K, committed 4608K, reserved 1048576K
GC Heap History (9 events):
Event: 0.492 GC heap before
{Heap before GC invocations=0 (full 0):
 garbage-first heap   total 262144K, used 27648K [0x0000000701c00000, 0x0000000800000000)
  region size 1024K, 24 young (24576K), 0 survivors (0K)
 Metaspace       used 12336K, capacity 12469K, committed 12800K, reserved 1060864K
  class space    used 1157K, capacity 1174K, committed 1280K, reserved 1048576K
}
Event: 0.495 GC heap after
{Heap after GC invocations=1 (full 0):
 garbage-first heap   total 262144K, used 5736K [0x0000000701c00000, 0x0000000800000000)
  region size 1024K, 3 young (3072K), 3 survivors (3072K)
 Metaspace       used 12336K, capacity 12469K, committed 12800K, reserved 1060864K
  class space    used 1157K, capacity 1174K, committed 1280K, reserved 1048576K
}
Event: 1.035 GC heap before
{Heap before GC invocations=1 (full 0):
 garbage-first heap   total 262144K, used 41576K [0x0000000701c00000, 0x0000000800000000)
  region size 1024K, 39 young (39936K), 3 survivors (3072K)
 Metaspace       used 20936K, capacity 21150K, committed 21248K, reserved 1069056K
  class space    used 2195K, capacity 2257K, committed 2304K, reserved 1048576K
}
Event: 1.045 GC heap after
{Heap after GC invocations=2 (full 0):
 garbage-first heap   total 262144K, used 9647K [0x0000000701c00000, 0x0000000800000000)
  region size 1024K, 7 young (7168K), 7 survivors (7168K)
 Metaspace       used 20936K, capacity 21150K, committed 21248K, reserved 1069056K
  class space    used 2195K, capacity 2257K, committed 2304K, reserved 1048576K
}
Event: 1.833 GC heap before
{Heap before GC invocations=3 (full 0):
 garbage-first heap   total 262144K, used 73135K [0x0000000701c00000, 0x0000000800000000)
  region size 1024K, 57 young (58368K), 7 survivors (7168K)
 Metaspace       used 32013K, capacity 32473K, committed 32640K, reserved 1077248K
  class space    used 3960K, capacity 4129K, committed 4224K, reserved 1048576K
}
Event: 1.843 GC heap after
{Heap after GC invocations=4 (full 0):
 garbage-first heap   total 262144K, used 23689K [0x0000000701c00000, 0x0000000800000000)
  region size 1024K, 8 young (8192K), 8 survivors (8192K)
 Metaspace       used 32013K, capacity 32473K, committed 32640K, reserved 1077248K
  class space    used 3960K, capacity 4129K, committed 4224K, reserved 1048576K
}
Event: 1.892 GC heap before
{Heap before GC invocations=4 (full 0):
 garbage-first heap   total 262144K, used 27785K [0x0000000701c00000, 0x0000000800000000)
  region size 1024K, 12 young (12288K), 8 survivors (8192K)
 Metaspace       used 32853K, capacity 33377K, committed 33536K, reserved 1079296K
  class space    used 4076K, capacity 4260K, committed 4352K, reserved 1048576K
}
Event: 1.898 GC heap after
{Heap after GC invocations=5 (full 0):
 garbage-first heap   total 262144K, used 25188K [0x0000000701c00000, 0x0000000800000000)
  region size 1024K, 2 young (2048K), 2 survivors (2048K)
 Metaspace       used 32853K, capacity 33377K, committed 33536K, reserved 1079296K
  class space    used 4076K, capacity 4260K, committed 4352K, reserved 1048576K
}
Event: 2.034 GC heap before
{Heap before GC invocations=5 (full 0):
 garbage-first heap   total 262144K, used 34404K [0x0000000701c00000, 0x0000000800000000)
  region size 1024K, 12 young (12288K), 2 survivors (2048K)
 Metaspace       used 35199K, capacity 35692K, committed 35840K, reserved 1081344K
  class space    used 4334K, capacity 4520K, committed 4608K, reserved 1048576K
}

